"Name";"ID";"Location";"Size(MB)";"Status"
"Orphaned Cache Item";"60babab5-2563-4f78-8d1b-15969998f399";"C:\windows\ccmcache\1u";"6.28";"Deleted!"
"Orphaned Cache Item";"45fce9dd-131a-48a0-a7cc-ef2554009527";"C:\windows\ccmcache\1o";"5.56";"Deleted!"
"Orphaned Cache Item";"VIT00004";"System.Object[]";"5.55";"Deleted!"
"Orphaned Cache Item";"9aaaae88-e96f-4a1b-8775-47746cdd7b1b";"C:\windows\ccmcache\1r";"45.51";"Deleted!"
"Orphaned Cache Item";"c89cd6bb-8bde-4eda-be33-012464a0c20a";"C:\windows\ccmcache\1n";"4.52";"Deleted!"
"Security Update for Microsoft Office 2016 (KB4011095) 64-Bit Edition";"efdc351f-ac5c-4c79-9e17-d99b7638fea5";"C:\windows\ccmcache\1s";"4.31";"Deleted!"
"Orphaned Cache Item";"a0c42a95-ac7c-44eb-8f3d-525a25cf5a90";"C:\windows\ccmcache\24";"4.19";"Deleted!"
"Orphaned Cache Item";"d3140e0f-8c63-4867-8d6c-fd127ddbeeea";"C:\windows\ccmcache\1j";"32.89";"Deleted!"
"Definition Update for Windows Defender Antivirus - KB2267602 (Definition 1.259.16.0)";"e9e3631c-ab9e-45d7-8ca2-ad0f7459f537";"C:\windows\ccmcache\1l";"32.87";"Deleted!"
"Orphaned Cache Item";"90dbe917-3d84-4170-af9d-03912468fcd4";"C:\windows\ccmcache\1i";"32.33";"Deleted!"
"Orphaned Cache Item";"d4b6e2ed-bdef-46b8-83e7-9437c79ac665";"C:\windows\ccmcache\1h";"31.41";"Deleted!"
"Orphaned Cache Item";"c918d7aa-f103-4d38-b06b-22c2ffa82feb";"C:\windows\ccmcache\26";"3.52";"Deleted!"
"Orphaned Cache Item";"10a2ab32-8100-4d18-ac8c-cebbc25f383e";"C:\windows\ccmcache\1g";"28.38";"Deleted!"
"Orphaned Cache Item";"5d1bbfa4-d612-4fd4-a2d7-2a161b77dec8";"C:\windows\ccmcache\1f";"26.47";"Deleted!"
"Orphaned Cache Item";"bb25dcc7-0cde-48cc-a7b7-26eb82bd5936";"C:\windows\ccmcache\1d";"25.50";"Deleted!"
"Orphaned Cache Item";"56ff1cd8-4b15-4f46-8ea9-570603df3f95";"C:\windows\ccmcache\23";"24.99";"Deleted!"
"Orphaned Cache Item";"8eb2eb94-dc91-4143-9b21-5d01dca3544b";"C:\windows\ccmcache\1c";"24.39";"Deleted!"
"Adobe Flash Player NPAPI";"Content_48875acf-b528-4375-b29c-d2f19ef66113";"C:\windows\ccmcache\v";"23.56";"Deleted!"
"Definition Update for Windows Defender Antivirus - KB2267602 (Definition 1.259.1342.0)";"9799234e-cda2-453d-b7c4-2b06e80265af";"C:\windows\ccmcache\29";"21.71";"Deleted!"
"Orphaned Cache Item";"c541b489-11f6-4c21-b20f-2161415e8097";"C:\windows\ccmcache\22";"21.14";"Deleted!"
"Orphaned Cache Item";"4eb969e6-049a-4a5f-933c-1da65654a52f";"C:\windows\ccmcache\1b";"20.89";"Deleted!"
"2017-12 Security Update for Adobe Flash Player for Windows 10 Version 1607 for x64-based Systems (KB4053577)";"c03b96ce-5e59-43f9-b7ed-7c67b47ce950";"C:\windows\ccmcache\1t";"20.65";"Deleted!"
"Orphaned Cache Item";"1de3130b-2833-4ec9-93cd-3bdd608967fb";"C:\windows\ccmcache\y";"20.64";"Deleted!"
"Orphaned Cache Item";"e42bcb6e-bf2b-48a7-bb7c-8c413f68ff13";"C:\windows\ccmcache\27";"2.85";"Deleted!"
"Definition Update for Windows Defender Antivirus - KB2267602 (Definition 1.259.16.0)";"8c8e03f9-fe47-44a5-8afc-69fee27555e9";"C:\windows\ccmcache\1k";"2.61";"Deleted!"
"Orphaned Cache Item";"d5f2efeb-c667-4d44-947f-741c7a1b0c36";"C:\windows\ccmcache\1y";"2.59";"Deleted!"
"Orphaned Cache Item";"ee5c66c1-e54d-4b46-b238-d72eb4c267d9";"C:\windows\ccmcache\21";"19.63";"Deleted!"
"Orphaned Cache Item";"249f19ec-2de9-407e-9fb8-14cee124a926";"C:\windows\ccmcache\1a";"19.60";"Deleted!"
"Orphaned Cache Item";"55c00420-ca40-4598-9747-566225b492aa";"C:\windows\ccmcache\19";"18.25";"Deleted!"
"Orphaned Cache Item";"bde8048c-6173-49b0-88a3-b7fff05bef6e";"C:\windows\ccmcache\16";"16.92";"Deleted!"
"Orphaned Cache Item";"13334cb3-4a44-4bb7-8445-67f2b766bd6e";"C:\windows\ccmcache\20";"14.76";"Deleted!"
"Orphaned Cache Item";"9252f26e-4b74-417c-930c-8f6cd18c694f";"C:\windows\ccmcache\1w";"12.80";"Deleted!"
"Orphaned Cache Item";"1b962af5-d4f3-4832-b25c-d90dd4cbe125";"C:\windows\ccmcache\13";"12.78";"Deleted!"
"Orphaned Cache Item";"ceba3058-3822-419d-8f45-0794ffd1b1af";"C:\windows\ccmcache\z";"12.17";"Deleted!"
"Orphaned Cache Item";"82b793d1-beae-47be-a72e-0cebe76fe70e";"C:\windows\ccmcache\12";"11.56";"Deleted!"
"2017-11 Update for Windows 10 Version 1607 for x64-based Systems (KB4049065)";"549d991f-8125-46d6-aa47-137f96c34827";"C:\windows\ccmcache\11";"11.42";"Deleted!"
"Windows Malicious Software Removal Tool for Windows 8, 8.1, 10 and Windows Server 2012, 2012 R2, 2016 x64 Edition - December 2017 (KB890830)";"4f969f59-164b-42d4-bbd1-71e5a187b372";"C:\windows\ccmcache\1q";"10.18";"Deleted!"
"Orphaned Cache Item";"f79a3a25-5a7d-49bc-a5dd-e6d0cb184ec5";"C:\windows\ccmcache\18";"1.89";"Deleted!"
"Orphaned Cache Item";"4ca09325-e9f4-4e5a-9a43-43496954c28d";"C:\windows\ccmcache\w";"1.83";"Deleted!"
"Orphaned Cache Item";"204c108b-8460-4296-a253-6b1015bbfc60";"C:\windows\ccmcache\1e";"1.80";"Deleted!"
"Orphaned Cache Item";"b757a8ff-20e9-4788-92eb-c78118a27e28";"C:\windows\ccmcache\28";"1.57";"Deleted!"
"Orphaned Cache Item";"84e69463-378f-449f-8962-bafca9fb0723";"C:\windows\ccmcache\1v";"1.55";"Deleted!"
"Orphaned Cache Item";"fa409819-bb7f-488b-881f-88e9aaaa497f";"C:\windows\ccmcache\1m";"1.40";"Deleted!"
"2017-12 Cumulative Update for Windows 10 Version 1607 for x64-based Systems (KB4053579)";"0c9e761c-a692-43c4-b9eb-55b25b2dc57c";"C:\windows\ccmcache\1p";"1,191.18";"Deleted!"
"Orphaned Cache Item";"42eca894-e20f-4f5a-8e41-eabf38a8a5b3";"C:\windows\ccmcache\10";"1,189.02";"Deleted!"
"Definition Update for Windows Defender - KB2267602 (Definition 1.257.1040.0)";"85757ac3-1f4a-4d72-bfd9-bb54ac8bcdf1";"C:\windows\ccmcache\17";"0.52";"Deleted!"
"Orphaned Cache Item";"9e4f7c68-c45b-463b-9a98-90bae077d9d5";"C:\windows\ccmcache\1x";"0.46";"Deleted!"
"Orphaned Cache Item";"04d203b2-112c-4b20-bf55-1a4ffca24268";"C:\windows\ccmcache\1z";"0.45";"Deleted!"
"Security Update for Microsoft Office 2016 (KB4011262) 64-Bit Edition";"a6105cc6-c9f4-4493-a52b-689b30aba2a8";"C:\windows\ccmcache\x";"0.44";"Deleted!"
"Orphaned Cache Item";"420e3cd0-5946-4f04-9ec1-2dbf4311f5b9";"C:\windows\ccmcache\15";"0.26";"Deleted!"
"Total Size of Items Deleted in MB: 3,027.75";"N/A";"N/A";"N/A";" ***** Last Run Date: 01/09/2018 11:47:57 *****"
"Security Update for Microsoft Outlook 2016 (KB4011626) 64-Bit Edition";"cba79cdd-331a-4663-a8eb-8afd3b15241c";"C:\windows\ccmcache\2c";"93.52";"Deleted!"
"Orphaned Cache Item";"386b2aac-1d9e-4408-8a9c-29e2269ceb83";"C:\windows\ccmcache\2g";"68.02";"Deleted!"
"Windows Malicious Software Removal Tool for Windows 8, 8.1, 10 and Windows Server 2012, 2012 R2, 2016 x64 Edition - January 2018 (KB890830)";"dd8eff88-d357-4d22-a3a6-00641c243941";"C:\windows\ccmcache\2f";"6.23";"Deleted!"
"Orphaned Cache Item";"baf184ea-2f15-4478-9725-abd0999d5f15";"C:\windows\ccmcache\2j";"45.51";"Deleted!"
"Microsoft .NET Framework 4.7.1 Language Packs for Windows 10 Version 1607 for x64 (KB4033418)";"d804d8cf-2525-465e-90c2-07429b2ac135";"C:\windows\ccmcache\2p";"4.24";"Deleted!"
"Orphaned Cache Item";"4be8d352-42b8-4063-afdc-0d2c7d880195";"C:\windows\ccmcache\2h";"34.40";"Deleted!"
"Orphaned Cache Item";"316f1c97-a729-42b4-8d86-cead01a09718";"C:\windows\ccmcache\2s";"26.67";"Deleted!"
"Orphaned Cache Item";"7cbd1a05-8f42-4948-a495-b278190e4e4e";"C:\windows\ccmcache\2o";"25.13";"Deleted!"
"Security Update for Microsoft Office 2016 (KB4011632) 64-Bit Edition";"33532a1c-3c22-49ff-afc4-c0818cc28c68";"C:\windows\ccmcache\2i";"248.08";"Deleted!"
"Orphaned Cache Item";"a3e228d1-326f-4aba-bdfc-35270c8a853d";"C:\windows\ccmcache\2l";"21.68";"Deleted!"
"Orphaned Cache Item";"4c063bf8-3810-4654-a563-4d96424d4ede";"C:\windows\ccmcache\2a";"21.55";"Deleted!"
"2018-01 Security Update for Adobe Flash Player for Windows 10 Version 1607 for x64-based Systems (KB4056887)";"0fa4b6ab-1fcd-4722-a84e-ec4012874035";"C:\windows\ccmcache\2k";"20.65";"Deleted!"
"Orphaned Cache Item";"dc651acd-da06-4ac2-bc83-9046f42aa751";"C:\windows\ccmcache\2e";"127.64";"Deleted!"
"Security Update for Microsoft Office 2016 (KB4011622) 64-Bit Edition";"44de54b3-902d-4757-98b6-759d7873b038";"C:\windows\ccmcache\2b";"10.96";"Deleted!"
"Orphaned Cache Item";"ac778477-74a8-4e2e-a880-175693668cea";"C:\windows\ccmcache\2q";"1.16";"Deleted!"
"Orphaned Cache Item";"d143ac70-a820-4228-b5ac-03cda31dbbeb";"C:\windows\ccmcache\2r";"0.80";"Deleted!"
"Orphaned Cache Item";"e1e546ab-c2f0-436f-8a75-19d98537f93a";"C:\windows\ccmcache\2n";"0.59";"Deleted!"
"Definition Update for Windows Defender Antivirus - KB2267602 (Definition 1.261.433.0)";"2f9b3f81-f24b-451c-b2c7-4dbd495072f9";"C:\windows\ccmcache\2t";"0.52";"Deleted!"
"Orphaned Cache Item";"9ff67f25-7931-4c8d-a244-84693f67f0d1";"C:\windows\ccmcache\2d";"0.06";"Deleted!"
"Total Size of Items Deleted in MB: 757.41";"N/A";"N/A";"N/A";" ***** Last Run Date: 01/30/2018 17:39:37 *****"
"Security Update for Microsoft Outlook 2016 (KB4011682) 64-Bit Edition";"d6aeefd9-6d9c-4c88-8cc9-d79d92a06cbd";"C:\windows\ccmcache\39";"93.56";"Deleted!"
"Definition Update for Windows Defender Antivirus - KB2267602 (Definition 1.263.487.0)";"378e699b-89bc-471e-958f-992da9dced92";"C:\windows\ccmcache\3u";"7.10";"Deleted!"
"Orphaned Cache Item";"ecabe7f7-a03c-487f-a06e-258bb59a9641";"C:\windows\ccmcache\3s";"5.66";"Deleted!"
"Orphaned Cache Item";"35a6ddc8-7fd4-42fe-8df9-f7de78435163";"C:\windows\ccmcache\37";"4.57";"Deleted!"
"Orphaned Cache Item";"e80736e9-04d9-48b5-bc7c-33d1b35bb46c";"C:\windows\ccmcache\3r";"4.55";"Deleted!"
"Orphaned Cache Item";"1a0cccb1-481b-4000-9324-13069050c09a";"C:\windows\ccmcache\3k";"33.34";"Deleted!"
"Orphaned Cache Item";"71df448d-71dc-489d-996a-09a411ab89ea";"C:\windows\ccmcache\3l";"33.03";"Deleted!"
"Definition Update for Windows Defender Antivirus - KB2267602 (Definition 1.263.0.0)";"39b28cd7-74c5-4bd3-b44c-42c4b97aecd8";"C:\windows\ccmcache\3n";"33.00";"Deleted!"
"Orphaned Cache Item";"7458ba1e-5792-466a-b797-521e9dc52139";"C:\windows\ccmcache\3j";"32.78";"Deleted!"
"Orphaned Cache Item";"2a519710-f366-42b0-9f18-519c82bc5a5a";"C:\windows\ccmcache\3i";"31.95";"Deleted!"
"Orphaned Cache Item";"d521103d-0f35-4cb6-8d1e-1fe472f87425";"C:\windows\ccmcache\3h";"31.15";"Deleted!"
"Orphaned Cache Item";"850ea2d4-0887-4b73-bf5b-716028dd4956";"C:\windows\ccmcache\3g";"30.61";"Deleted!"
"Orphaned Cache Item";"7ecbae2a-896d-4b55-92e5-e39c964d2fdb";"C:\windows\ccmcache\3q";"3.82";"Deleted!"
"Orphaned Cache Item";"6f521e88-e770-4945-a852-bc92250cf504";"C:\windows\ccmcache\34";"3.15";"Deleted!"
"Orphaned Cache Item";"79c1b864-f79e-4d0b-8d00-596ae507411d";"C:\windows\ccmcache\3e";"29.39";"Deleted!"
"Orphaned Cache Item";"feccf2ff-e82b-44e7-ab77-b8a096c39ad1";"C:\windows\ccmcache\3d";"28.82";"Deleted!"
"Security Update for Microsoft Office 2016 (KB4011686) 64-Bit Edition";"f4739def-0bc5-4c9d-9d25-6d5bf56c0495";"C:\windows\ccmcache\38";"248.10";"Deleted!"
"Orphaned Cache Item";"Content_1762d410-3c3b-439c-b76c-ca7144aed6bf";"C:\windows\ccmcache\32";"23.60";"Deleted!"
"Orphaned Cache Item";"d7abdf50-9e5e-4842-b630-e0ffb30edfd3";"C:\windows\ccmcache\35";"23.30";"Deleted!"
"2018-02 Security Update for Adobe Flash Player for Windows 10 Version 1607 for x64-based Systems (KB4074595)";"34b9e6b7-3fd1-467f-adda-ee660562a3c8";"C:\windows\ccmcache\31";"20.67";"Deleted!"
"Definition Update for Windows Defender Antivirus - KB2267602 (Definition 1.263.0.0)";"07933dac-c711-4f09-bc3b-445c5bffac6b";"C:\windows\ccmcache\3m";"2.59";"Deleted!"
"Security Update for Microsoft Office 2016 (KB4011143) 64-Bit Edition";"769fe0ad-1555-462e-818d-29aea64751a4";"C:\windows\ccmcache\3b";"2.51";"Deleted!"
"Orphaned Cache Item";"6fdf3468-99f4-415c-af89-5058d1b874a0";"C:\windows\ccmcache\2x";"17.42";"Deleted!"
"Orphaned Cache Item";"1a050e56-0e0a-4895-a2d7-3d75d36d1492";"C:\windows\ccmcache\2w";"14.21";"Deleted!"
"Orphaned Cache Item";"97a96657-fa72-4d90-a80f-fbc39323a70f";"C:\windows\ccmcache\2v";"13.38";"Deleted!"
"Orphaned Cache Item";"c4be468b-3b83-425e-ba71-bfc6299b937f";"C:\windows\ccmcache\30";"1.76";"Deleted!"
"Orphaned Cache Item";"2e3b068d-8c3d-458d-a12a-66cac47e22db";"C:\windows\ccmcache\3c";"1.59";"Deleted!"
"Orphaned Cache Item";"cc7d5fd2-f073-45d1-b515-806e81bccaad";"C:\windows\ccmcache\3o";"1.52";"Deleted!"
"Orphaned Cache Item";"43494b2d-7b82-4871-8ba0-92fabff29a82";"C:\windows\ccmcache\2y";"1.52";"Deleted!"
"Orphaned Cache Item";"e88c13c8-35e3-4966-ba98-8f6a83f771fa";"C:\windows\ccmcache\3f";"1.07";"Deleted!"
"Orphaned Cache Item";"8dd02ce8-cb96-4199-962f-e2aa5971c10b";"C:\windows\ccmcache\2z";"1,200.82";"Deleted!"
"2018-02 Cumulative Update for Windows 10 Version 1607 for x64-based Systems (KB4074590)";"c68a2650-1f3c-4c83-aeea-5cb25026ce8e";"C:\windows\ccmcache\3a";"1,145.13";"Deleted!"
"Local Administrator Password Solution v6.2 .x64";"Content_fec700f3-38d7-493e-ac7e-200ae9fd15dc";"C:\windows\ccmcache\36";"0.97";"Deleted!"
"Orphaned Cache Item";"0aa0a250-8b87-4369-96a0-00c3980c821d";"C:\windows\ccmcache\2u";"0.49";"Deleted!"
"Definition Update for Windows Defender Antivirus - KB2267602 (Definition 1.263.328.0)";"6a26ed7b-70d2-429b-a92e-c889cdd254ae";"C:\windows\ccmcache\3t";"0.27";"Deleted!"
"Orphaned Cache Item";"038e3db2-9978-4149-90a8-8e9d30e87d1b";"C:\windows\ccmcache\33";"0.25";"Deleted!"
"Total Size of Items Deleted in MB: 3,127.65";"N/A";"N/A";"N/A";" ***** Last Run Date: 03/13/2018 10:50:00 *****"
